F:\UNIVERSITY OF CALGARY\PHD PROGRAM\TAXONOMY OF UNCERTAINTY MODELS\UNIFIED UNCERTAINTY\UNIFIED UNCERTAINTY\DEBUG\MAIN.OBJ
F:\UNIVERSITY OF CALGARY\PHD PROGRAM\TAXONOMY OF UNCERTAINTY MODELS\UNIFIED UNCERTAINTY\UNIFIED UNCERTAINTY\DEBUG\SIMPLE_EXPRESSION.OBJ
F:\UNIVERSITY OF CALGARY\PHD PROGRAM\TAXONOMY OF UNCERTAINTY MODELS\UNIFIED UNCERTAINTY\UNIFIED UNCERTAINTY\DEBUG\UNCERTAINTY_MODELS.OBJ
F:\UNIVERSITY OF CALGARY\PHD PROGRAM\TAXONOMY OF UNCERTAINTY MODELS\UNIFIED UNCERTAINTY\UNIFIED UNCERTAINTY\DEBUG\VARIABLES.OBJ
F:\UNIVERSITY OF CALGARY\PHD PROGRAM\TAXONOMY OF UNCERTAINTY MODELS\UNIFIED UNCERTAINTY\UNIFIED UNCERTAINTY\DEBUG\VC110.PDB
F:\UNIVERSITY OF CALGARY\PHD PROGRAM\TAXONOMY OF UNCERTAINTY MODELS\UNIFIED UNCERTAINTY\DEBUG\UNIFIED UNCERTAINTY.ILK
F:\UNIVERSITY OF CALGARY\PHD PROGRAM\TAXONOMY OF UNCERTAINTY MODELS\UNIFIED UNCERTAINTY\DEBUG\UNIFIED UNCERTAINTY.EXE
F:\UNIVERSITY OF CALGARY\PHD PROGRAM\TAXONOMY OF UNCERTAINTY MODELS\UNIFIED UNCERTAINTY\DEBUG\UNIFIED UNCERTAINTY.PDB
F:\University of Calgary\PhD program\Taxonomy of Uncertainty Models\Unified Uncertainty\Unified Uncertainty\Debug\main.obj
F:\University of Calgary\PhD program\Taxonomy of Uncertainty Models\Unified Uncertainty\Unified Uncertainty\Debug\uncertainty_models.obj
F:\University of Calgary\PhD program\Taxonomy of Uncertainty Models\Unified Uncertainty\Unified Uncertainty\Debug\simple_expression.obj
F:\University of Calgary\PhD program\Taxonomy of Uncertainty Models\Unified Uncertainty\Unified Uncertainty\Debug\variables.obj
F:\University of Calgary\PhD program\Taxonomy of Uncertainty Models\Unified Uncertainty\Unified Uncertainty\Debug\cl.command.1.tlog
F:\University of Calgary\PhD program\Taxonomy of Uncertainty Models\Unified Uncertainty\Unified Uncertainty\Debug\link-cvtres.read.1.tlog
F:\University of Calgary\PhD program\Taxonomy of Uncertainty Models\Unified Uncertainty\Unified Uncertainty\Debug\link-cvtres.write.1.tlog
F:\University of Calgary\PhD program\Taxonomy of Uncertainty Models\Unified Uncertainty\Unified Uncertainty\Debug\link-rc.read.1.tlog
F:\University of Calgary\PhD program\Taxonomy of Uncertainty Models\Unified Uncertainty\Unified Uncertainty\Debug\link-rc.write.1.tlog
F:\University of Calgary\PhD program\Taxonomy of Uncertainty Models\Unified Uncertainty\Unified Uncertainty\Debug\link.8500-cvtres.read.1.tlog
F:\University of Calgary\PhD program\Taxonomy of Uncertainty Models\Unified Uncertainty\Unified Uncertainty\Debug\link.8500-cvtres.write.1.tlog
F:\University of Calgary\PhD program\Taxonomy of Uncertainty Models\Unified Uncertainty\Unified Uncertainty\Debug\link.8500-rc.read.1.tlog
F:\University of Calgary\PhD program\Taxonomy of Uncertainty Models\Unified Uncertainty\Unified Uncertainty\Debug\link.8500-rc.write.1.tlog
F:\University of Calgary\PhD program\Taxonomy of Uncertainty Models\Unified Uncertainty\Unified Uncertainty\Debug\link.8500.read.1.tlog
F:\University of Calgary\PhD program\Taxonomy of Uncertainty Models\Unified Uncertainty\Unified Uncertainty\Debug\link.8500.write.1.tlog
F:\University of Calgary\PhD program\Taxonomy of Uncertainty Models\Unified Uncertainty\Unified Uncertainty\Debug\link.8644-cvtres.read.1.tlog
F:\University of Calgary\PhD program\Taxonomy of Uncertainty Models\Unified Uncertainty\Unified Uncertainty\Debug\link.8644-cvtres.write.1.tlog
F:\University of Calgary\PhD program\Taxonomy of Uncertainty Models\Unified Uncertainty\Unified Uncertainty\Debug\link.8644-rc.read.1.tlog
F:\University of Calgary\PhD program\Taxonomy of Uncertainty Models\Unified Uncertainty\Unified Uncertainty\Debug\link.8644-rc.write.1.tlog
F:\University of Calgary\PhD program\Taxonomy of Uncertainty Models\Unified Uncertainty\Unified Uncertainty\Debug\link.8644.read.1.tlog
F:\University of Calgary\PhD program\Taxonomy of Uncertainty Models\Unified Uncertainty\Unified Uncertainty\Debug\link.8644.write.1.tlog
F:\University of Calgary\PhD program\Taxonomy of Uncertainty Models\Unified Uncertainty\Unified Uncertainty\Debug\link.8952-cvtres.read.1.tlog
F:\University of Calgary\PhD program\Taxonomy of Uncertainty Models\Unified Uncertainty\Unified Uncertainty\Debug\link.8952-cvtres.write.1.tlog
F:\University of Calgary\PhD program\Taxonomy of Uncertainty Models\Unified Uncertainty\Unified Uncertainty\Debug\link.8952-rc.read.1.tlog
F:\University of Calgary\PhD program\Taxonomy of Uncertainty Models\Unified Uncertainty\Unified Uncertainty\Debug\link.8952-rc.write.1.tlog
F:\University of Calgary\PhD program\Taxonomy of Uncertainty Models\Unified Uncertainty\Unified Uncertainty\Debug\link.8952.read.1.tlog
F:\University of Calgary\PhD program\Taxonomy of Uncertainty Models\Unified Uncertainty\Unified Uncertainty\Debug\link.8952.write.1.tlog
F:\University of Calgary\PhD program\Taxonomy of Uncertainty Models\Unified Uncertainty\Unified Uncertainty\Debug\link.command.1.tlog
F:\University of Calgary\PhD program\Taxonomy of Uncertainty Models\Unified Uncertainty\Unified Uncertainty\Debug\link.1772-cvtres.read.1.tlog
F:\University of Calgary\PhD program\Taxonomy of Uncertainty Models\Unified Uncertainty\Unified Uncertainty\Debug\link.1772-cvtres.write.1.tlog
F:\University of Calgary\PhD program\Taxonomy of Uncertainty Models\Unified Uncertainty\Unified Uncertainty\Debug\link.1772-rc.read.1.tlog
F:\University of Calgary\PhD program\Taxonomy of Uncertainty Models\Unified Uncertainty\Unified Uncertainty\Debug\link.1772-rc.write.1.tlog
F:\University of Calgary\PhD program\Taxonomy of Uncertainty Models\Unified Uncertainty\Unified Uncertainty\Debug\link.1772.read.1.tlog
F:\University of Calgary\PhD program\Taxonomy of Uncertainty Models\Unified Uncertainty\Unified Uncertainty\Debug\link.1772.write.1.tlog
F:\University of Calgary\PhD program\Taxonomy of Uncertainty Models\Unified Uncertainty\Unified Uncertainty\Debug\link.7544-cvtres.read.1.tlog
F:\University of Calgary\PhD program\Taxonomy of Uncertainty Models\Unified Uncertainty\Unified Uncertainty\Debug\link.7544-cvtres.write.1.tlog
F:\University of Calgary\PhD program\Taxonomy of Uncertainty Models\Unified Uncertainty\Unified Uncertainty\Debug\link.7544-rc.read.1.tlog
F:\University of Calgary\PhD program\Taxonomy of Uncertainty Models\Unified Uncertainty\Unified Uncertainty\Debug\link.7544-rc.write.1.tlog
F:\University of Calgary\PhD program\Taxonomy of Uncertainty Models\Unified Uncertainty\Unified Uncertainty\Debug\link.7544.read.1.tlog
F:\University of Calgary\PhD program\Taxonomy of Uncertainty Models\Unified Uncertainty\Unified Uncertainty\Debug\link.7544.write.1.tlog
F:\University of Calgary\PhD program\Taxonomy of Uncertainty Models\Unified Uncertainty\Unified Uncertainty\Debug\CL.read.1.tlog
F:\University of Calgary\PhD program\Taxonomy of Uncertainty Models\Unified Uncertainty\Unified Uncertainty\Debug\link.read.1.tlog
F:\University of Calgary\PhD program\Taxonomy of Uncertainty Models\Unified Uncertainty\Unified Uncertainty\Debug\CL.write.1.tlog
F:\University of Calgary\PhD program\Taxonomy of Uncertainty Models\Unified Uncertainty\Unified Uncertainty\Debug\link.write.1.tlog
F:\University of Calgary\PhD program\Taxonomy of Uncertainty Models\Unified Uncertainty\Unified Uncertainty\Debug\vc110.idb
F:\University of Calgary\PhD program\Taxonomy of Uncertainty Models\Unified Uncertainty\Unified Uncertainty\Debug\vc110.pdb
F:\University of Calgary\PhD program\Taxonomy of Uncertainty Models\Unified Uncertainty\Debug\Unified Uncertainty.pdb
F:\University of Calgary\PhD program\Taxonomy of Uncertainty Models\Unified Uncertainty\Debug\Unified Uncertainty.exe
F:\University of Calgary\PhD program\Taxonomy of Uncertainty Models\Unified Uncertainty\Debug\Unified Uncertainty.ilk
