Build started 5/25/2017 6:22:48 PM.
     1>Project "C:\Users\Shawn Eastwood\Documents\University of Calgary\PhD program\Taxonomy of Uncertainty Models\Unified Uncertainty\Unified Uncertainty\Unified Uncertainty.vcxproj" on node 2 (Build target(s)).
     1>ClCompile:
         C:\Program Files (x86)\Microsoft Visual Studio 11.0\VC\bin\CL.exe /c /ZI /nologo /W3 /WX- /sdl /Od /Oy- /D _MBCS /Gm /EHsc /RTC1 /MDd /GS /fp:precise /Zc:wchar_t /Zc:forScope /Fo"Debug\\" /Fd"Debug\vc110.pdb" /Gd /TP /analyze- /errorReport:prompt main.cpp set.cpp simple_expression.cpp
         set.cpp
         Generating Code...
         Compiling...
         simple_expression.cpp
         main.cpp
         Generating Code...
       Link:
         C:\Program Files (x86)\Microsoft Visual Studio 11.0\VC\bin\link.exe /ERRORREPORT:PROMPT /OUT:"C:\Users\Shawn Eastwood\Documents\University of Calgary\PhD program\Taxonomy of Uncertainty Models\Unified Uncertainty\Debug\Unified Uncertainty.exe" /INCREMENTAL /NOLOGO kernel32.lib user32.lib gdi32.lib winspool.lib comdlg32.lib advapi32.lib shell32.lib ole32.lib oleaut32.lib uuid.lib odbc32.lib odbccp32.lib /MANIFEST /MANIFESTUAC:"level='asInvoker' uiAccess='false'" /manifest:embed /DEBUG /PDB:"C:\Users\Shawn Eastwood\Documents\University of Calgary\PhD program\Taxonomy of Uncertainty Models\Unified Uncertainty\Debug\Unified Uncertainty.pdb" /TLBID:1 /DYNAMICBASE /NXCOMPAT /IMPLIB:"C:\Users\Shawn Eastwood\Documents\University of Calgary\PhD program\Taxonomy of Uncertainty Models\Unified Uncertainty\Debug\Unified Uncertainty.lib" /MACHINE:X86 Debug\main.obj
         Debug\set.obj
         Debug\simple_expression.obj
         Debug\uncertainty_models.obj
         Debug\variables.obj
         Unified Uncertainty.vcxproj -> C:\Users\Shawn Eastwood\Documents\University of Calgary\PhD program\Taxonomy of Uncertainty Models\Unified Uncertainty\Debug\Unified Uncertainty.exe
     1>Done Building Project "C:\Users\Shawn Eastwood\Documents\University of Calgary\PhD program\Taxonomy of Uncertainty Models\Unified Uncertainty\Unified Uncertainty\Unified Uncertainty.vcxproj" (Build target(s)).

Build succeeded.

Time Elapsed 00:00:04.32
